ztuo-android/ztuo-android/MPChartLib/build/outputs/logs/manifest-merger-debug-report.txt
-- Merging decision tree log ---
manifest
ADDED from ztuo-android\MPChartLib\AndroidManifest.xml:2:1-13:12
INJECTED from ztuo-android\MPChartLib\AndroidManifest.xml:2:1-13:12
INJECTED from ztuo-android\MPChartLib\AndroidManifest.xml:2:1-13:12
INJECTED from ztuo-android\MPChartLib\AndroidManifest.xml:2:1-13:12
INJECTED from ztuo-android\MPChartLib\AndroidManifest.xml:2:1-13:12
INJECTED from ztuo-android\MPChartLib\AndroidManifest.xml:2:1-13:12
INJECTED from ztuo-android\MPChartLib\AndroidManifest.xml:2:1-13:12
	package
		ADDED from ztuo-android\MPChartLib\AndroidManifest.xml:2:11-49
		INJECTED from ztuo-android\MPChartLib\AndroidManifest.xml
		INJECTED from ztuo-android\MPChartLib\AndroidManifest.xml
	android:versionName
		INJECTED from ztuo-android\MPChartLib\AndroidManifest.xml
		ADDED from ztuo-android\MPChartLib\AndroidManifest.xml:2:1-13:12
		INJECTED from ztuo-android\MPChartLib\AndroidManifest.xml
	xmlns:android
		ADDED from ztuo-android\MPChartLib\AndroidManifest.xml:2:1-13:12
	android:versionCode
		INJECTED from ztuo-android\MPChartLib\AndroidManifest.xml
		ADDED from ztuo-android\MPChartLib\AndroidManifest.xml:2:1-13:12
		INJECTED from ztuo-android\MPChartLib\AndroidManifest.xml
uses-sdk
INJECTED from ztuo-android\MPChartLib\AndroidManifest.xml reason: use-sdk injection requested
INJECTED from ztuo-android\MPChartLib\AndroidManifest.xml
INJECTED from ztuo-android\MPChartLib\AndroidManifest.xml
	android:minSdkVersion
		INJECTED from ztuo-android\MPChartLib\AndroidManifest.xml
		ADDED from ztuo-android\MPChartLib\AndroidManifest.xml
		INJECTED from ztuo-android\MPChartLib\AndroidManifest.xml